<?xml version="1.0" encoding="UTF-8"?>
<testng-results skipped="0" failed="0" total="1" passed="1">
  <reporter-output>
  </reporter-output>
  <suite name="Suite" duration-ms="32901" started-at="2019-04-23T07:56:17Z" finished-at="2019-04-23T07:56:50Z">
    <groups>
    </groups>
    <test name="Test" duration-ms="32901" started-at="2019-04-23T07:56:17Z" finished-at="2019-04-23T07:56:50Z">
      <class name="testng.Tests">
        <test-method status="PASS" signature="beforeTest()[pri:0, instance:testng.Tests@1f792cf]" name="beforeTest" is-config="true" duration-ms="11210" started-at="2019-04-23T10:56:17Z" finished-at="2019-04-23T10:56:28Z">
          <reporter-output>
          </reporter-output>
        </test-method> <!-- beforeTest -->
        <test-method status="PASS" signature="testEasy()[pri:0, instance:testng.Tests@1f792cf]" name="testEasy" duration-ms="21607" started-at="2019-04-23T10:56:28Z" finished-at="2019-04-23T10:56:50Z">
          <reporter-output>
          </reporter-output>
        </test-method> <!-- testEasy -->
        <test-method status="PASS" signature="afterTest()[pri:0, instance:testng.Tests@1f792cf]" name="afterTest" is-config="true" duration-ms="34" started-at="2019-04-23T10:56:50Z" finished-at="2019-04-23T10:56:50Z">
          <reporter-output>
          </reporter-output>
        </test-method> <!-- afterTest -->
      </class> <!-- testng.Tests -->
    </test> <!-- Test -->
  </suite> <!-- Suite -->
</testng-results>
